#
# A fatal error has been detected by the Java Runtime Environment:
#
#  SIGSEGV (0xb) at pc=0x00007f1d01069a7a, pid=9470, tid=0x00007f1cbbbef700
#
# JRE version: Java(TM) SE Runtime Environment (8.0_101-b13) (build 1.8.0_101-b13)
# Java VM: Java HotSpot(TM) 64-Bit Server VM (25.101-b13 mixed mode linux-amd64 compressed oops)
# Problematic frame:
# v  ~BufferBlob::jni_fast_GetLongField
#
# Failed to write core dump. Core dumps have been disabled. To enable core dumping, try "ulimit -c unlimited" before starting Java again
#
# If you would like to submit a bug report, please visit:
#   http://bugreport.java.com/bugreport/crash.jsp
# The crash happened outside the Java Virtual Machine in native code.
# See problematic frame for where to report the bug.
#

---------------  T H R E A D  ---------------

Current thread (0x00007f1d10332000):  JavaThread "AWT-XAWT" daemon [_thread_in_native, id=9502, stack(0x00007f1cbbaef000,0x00007f1cbbbf0000)]

siginfo: si_signo: 11 (SIGSEGV), si_code: 1 (SEGV_MAPERR), si_addr: 0x0000000000000000

Registers:
RAX=0x00007f1d16ed4400, RBX=0x00007f1d103321f8, RCX=0x00007f1d1793b2c0, RDX=0x0000000000000042
RSP=0x00007f1cbbbee7b8, RBP=0x00007f1cbbbee7e0, RSI=0x0000000000000000, RDI=0x00007f1d103321f8
R8 =0x00000000d70bd3d8, R9 =0x0000000000000000, R10=0x000000000000002c, R11=0x00007f1d012acc58
R12=0x00007f1ca8011cc0, R13=0x0000000000000000, R14=0x00007f1ce9a087e0, R15=0x00007f1d10332000
RIP=0x00007f1d01069a7a, EFLAGS=0x0000000000010246, CSGSFS=0x0000000000000033, ERR=0x0000000000000004
  TRAPNO=0x000000000000000e

Top of Stack: (sp=0x00007f1cbbbee7b8)
0x00007f1cbbbee7b8:   00007f1ce97e6ef1 00007f1cebeda808
0x00007f1cbbbee7c8:   00007f1ca8011cc0 00007f1cbbbee890
0x00007f1cbbbee7d8:   00007f1cbbbee860 0000000000000000
0x00007f1cbbbee7e8:   00007f1ce92a73c0 00007f1cebeda808
0x00007f1cbbbee7f8:   00007f1cbbbee820 0000000000000000
0x00007f1cbbbee808:   00007f1ce929ef93 00007f1cbbbee890
0x00007f1cbbbee818:   00007f1ce97e012f 00007f1cbbbee870
0x00007f1cbbbee828:   00007f1d012accf6 0000000000000000
0x00007f1cbbbee838:   00007f1d012329f6 00007f1cbbbee890
0x00007f1cbbbee848:   00007f1d0111692c 00007f1cbbbee8f0
0x00007f1cbbbee858:   00000000d7563048 00000000d746e620
0x00007f1cbbbee868:   0000000000000001 00007f1cbbbee8f0
0x00007f1cbbbee878:   00007f1d01007a90 00007f1cbbbee8f0
0x00007f1cbbbee888:   00007f1d01007a90 0000000000000000
0x00007f1cbbbee898:   00007f1d01007dd0 00007f1cb4003040
0x00007f1cbbbee8a8:   00000000d75bbc88 00007f1cbbbee8b0
0x00007f1cbbbee8b8:   00007f1cebf39644 00007f1cbbbee938
0x00007f1cbbbee8c8:   00007f1cebfda428 0000000000000000
0x00007f1cbbbee8d8:   00007f1cebfcfcd0 00007f1cbbbee890
0x00007f1cbbbee8e8:   00007f1cbbbee930 00007f1cbbbee980
0x00007f1cbbbee8f8:   00007f1d010082bd 0000000000000000
0x00007f1cbbbee908:   00000000d77a3ca0 0000000000000000
0x00007f1cbbbee918:   0000000000000000 0000000000000000
0x00007f1cbbbee928:   00000000d75bbc88 0000000000000000
0x00007f1cbbbee938:   00000000d7567028 00007f1cbbbee940
0x00007f1cbbbee948:   00007f1cebfcfc6d 00007f1cbbbee990
0x00007f1cbbbee958:   00007f1cebfda428 0000000000000000
0x00007f1cbbbee968:   00007f1cebfcfc78 00007f1cbbbee930
0x00007f1cbbbee978:   00007f1cbbbee990 00007f1cbbbee9d8
0x00007f1cbbbee988:   00007f1d01008302 00000000d7567028
0x00007f1cbbbee998:   00007f1cbbbee998 00007f1ceba9d993
0x00007f1cbbbee9a8:   00007f1cbbbee9e8 00007f1cebb24e98 

Instructions: (pc=0x00007f1d01069a7a)
0x00007f1d01069a5a:   00 00 00 00 00 00 44 8b 15 21 a4 ea 15 4c 8b ce
0x00007f1d01069a6a:   41 f6 c2 01 0f 85 2e 00 00 00 4d 33 ca 4d 33 ca
0x00007f1d01069a7a:   4d 8b 09 4c 8b da 49 c1 eb 02 4b 8b 04 19 49 bb
0x00007f1d01069a8a:   88 3e f1 16 1d 7f 00 00 4c 33 d8 4c 33 d8 45 3b 

Register to memory mapping:

RAX=0x00007f1d16ed4400: <offset 0xf82400> in /usr/lib/jvm/java-8-oracle/jre/lib/amd64/server/libjvm.so at 0x00007f1d15f52000
RBX=0x00007f1d103321f8 is an unknown value
RCX=0x00007f1d1793b2c0: <offset 0x2182c0> in /lib/x86_64-linux-gnu/libpthread.so.0 at 0x00007f1d17723000
RDX=0x0000000000000042 is an unknown value
RSP=0x00007f1cbbbee7b8 is pointing into the stack for thread: 0x00007f1d10332000
RBP=0x00007f1cbbbee7e0 is pointing into the stack for thread: 0x00007f1d10332000
RSI=0x0000000000000000 is an unknown value
RDI=0x00007f1d103321f8 is an unknown value
R8 =0x00000000d70bd3d8 is an oop
sun.util.logging.PlatformLogger$Level 
 - klass: 'sun/util/logging/PlatformLogger$Level'
R9 =0x0000000000000000 is an unknown value
R10=0x000000000000002c is an unknown value
R11=0x00007f1d012acc58 is at entry_point+24 in (nmethod*)0x00007f1d012acad0
R12=0x00007f1ca8011cc0 is an unknown value
R13=0x0000000000000000 is an unknown value
R14=0x00007f1ce9a087e0: <offset 0x2587e0> in /usr/lib/jvm/java-8-oracle/jre/lib/amd64/libawt_xawt.so at 0x00007f1ce97b0000
R15=0x00007f1d10332000 is a thread


Stack: [0x00007f1cbbaef000,0x00007f1cbbbf0000],  sp=0x00007f1cbbbee7b8,  free space=1021k
Native frames: (J=compiled Java code, j=interpreted, Vv=VM code, C=native code)
v  ~BufferBlob::jni_fast_GetLongField
C  [libX11.so.6+0x643c0]  _XimServerDestroy+0x70

Java frames: (J=compiled Java code, j=interpreted, Vv=VM code)
J 795  sun.awt.X11.XlibWrapper.XFilterEvent(JJ)Z (0 bytes) @ 0x00007f1d012acc84 [0x00007f1d012acc40+0x44]
j  sun.awt.X11.XToolkit.run(Z)V+300
j  sun.awt.X11.XToolkit.run()V+5
j  java.lang.Thread.run()V+11
v  ~StubRoutines::call_stub

---------------  P R O C E S S  ---------------

Java Threads: ( => current thread )
  0x00007f1d1000b000 JavaThread "DestroyJavaVM" [_thread_blocked, id=9471, stack(0x00007f1d17a3d000,0x00007f1d17b3e000)]
  0x00007f1d1036a800 JavaThread "Thread-0" [_thread_blocked, id=9504, stack(0x00007f1cbb8ed000,0x00007f1cbb9ee000)]
=>0x00007f1d10332000 JavaThread "AWT-XAWT" daemon [_thread_in_native, id=9502, stack(0x00007f1cbbaef000,0x00007f1cbbbf0000)]
  0x00007f1d10310000 JavaThread "Java2D Disposer" daemon [_thread_blocked, id=9501, stack(0x00007f1ce8067000,0x00007f1ce8168000)]
  0x00007f1d101f0800 JavaThread "Service Thread" daemon [_thread_blocked, id=9499, stack(0x00007f1ce9ddc000,0x00007f1ce9edd000)]
  0x00007f1d101ed800 JavaThread "C1 CompilerThread2" daemon [_thread_blocked, id=9498, stack(0x00007f1ce9edd000,0x00007f1ce9fde000)]
  0x00007f1d101e8000 JavaThread "C2 CompilerThread1" daemon [_thread_blocked, id=9497, stack(0x00007f1cea4f6000,0x00007f1cea5f7000)]
  0x00007f1d101e6800 JavaThread "C2 CompilerThread0" daemon [_thread_blocked, id=9496, stack(0x00007f1cea5f7000,0x00007f1cea6f8000)]
  0x00007f1d101df800 JavaThread "Monitor Ctrl-Break" daemon [_thread_in_native, id=9495, stack(0x00007f1cea6f8000,0x00007f1cea7f9000)]
  0x00007f1d10180000 JavaThread "Signal Dispatcher" daemon [_thread_blocked, id=9488, stack(0x00007f1cea80c000,0x00007f1cea90d000)]
  0x00007f1d1014c800 JavaThread "Finalizer" daemon [_thread_blocked, id=9485, stack(0x00007f1cead63000,0x00007f1ceae64000)]
  0x00007f1d10147800 JavaThread "Reference Handler" daemon [_thread_blocked, id=9484, stack(0x00007f1ceae64000,0x00007f1ceaf65000)]

Other Threads:
  0x00007f1d10140000 VMThread [stack: 0x00007f1ceaf65000,0x00007f1ceb066000] [id=9482]
  0x00007f1d101f3800 WatcherThread [stack: 0x00007f1ce9cdb000,0x00007f1ce9ddc000] [id=9500]

VM state:not at safepoint (normal execution)

VM Mutex/Monitor currently owned by a thread: None

Heap:
 PSYoungGen      total 36864K, used 18651K [0x00000000d6f80000, 0x00000000d9880000, 0x0000000100000000)
  eden space 31744K, 58% used [0x00000000d6f80000,0x00000000d81b6eb8,0x00000000d8e80000)
  from space 5120K, 0% used [0x00000000d9380000,0x00000000d9380000,0x00000000d9880000)
  to   space 5120K, 0% used [0x00000000d8e80000,0x00000000d8e80000,0x00000000d9380000)
 ParOldGen       total 84992K, used 0K [0x0000000084e00000, 0x000000008a100000, 0x00000000d6f80000)
  object space 84992K, 0% used [0x0000000084e00000,0x0000000084e00000,0x000000008a100000)
 Metaspace       used 10839K, capacity 11054K, committed 11264K, reserved 1058816K
  class space    used 1174K, capacity 1251K, committed 1280K, reserved 1048576K

Card table byte_map: [0x00007f1d14207000,0x00007f1d145e1000] byte_map_base: 0x00007f1d13de0000

Marking Bits: (ParMarkBitMap*) 0x00007f1d16f13120
 Begin Bits: [0x00007f1cec270000, 0x00007f1cee138000)
 End Bits:   [0x00007f1cee138000, 0x00007f1cf0000000)

Polling page: 0x00007f1d17b62000

CodeCache: size=245760Kb used=3869Kb max_used=3899Kb free=241891Kb
 bounds [0x00007f1d01000000, 0x00007f1d013e0000, 0x00007f1d10000000]
 total_blobs=1584 nmethods=1085 adapters=413
 compilation: enabled

Compilation events (10 events):
Event: 24,208 Thread 0x00007f1d101e6800 1081   !   4       sun.awt.PostEventQueue::flush (168 bytes)
Event: 24,435 Thread 0x00007f1d101e6800 nmethod 1081 0x00007f1d013c4110 code [0x00007f1d013c47a0, 0x00007f1d013cab68]
Event: 24,815 Thread 0x00007f1d101e8000 1082       4       sun.awt.SunToolkit::getAppContext (42 bytes)
Event: 24,819 Thread 0x00007f1d101e8000 nmethod 1082 0x00007f1d013b9010 code [0x00007f1d013b9160, 0x00007f1d013b9218]
Event: 24,853 Thread 0x00007f1d101ed800 1083       3       sun.awt.X11.XBaseWindow::getWindow (5 bytes)
Event: 24,854 Thread 0x00007f1d101ed800 nmethod 1083 0x00007f1d013b8d10 code [0x00007f1d013b8e60, 0x00007f1d013b8fb0]
Event: 24,856 Thread 0x00007f1d101ed800 1084       3       java.util.concurrent.locks.AbstractQueuedSynchronizer::shouldParkAfterFailedAcquire (50 bytes)
Event: 24,857 Thread 0x00007f1d101ed800 nmethod 1084 0x00007f1d013b86d0 code [0x00007f1d013b8860, 0x00007f1d013b8b90]
Event: 58,199 Thread 0x00007f1d101e6800 1085  s    4       javax.swing.RepaintManager::extendDirtyRegion (36 bytes)
Event: 58,211 Thread 0x00007f1d101e6800 nmethod 1085 0x00007f1d013b5f50 code [0x00007f1d013b60e0, 0x00007f1d013b65e8]

GC Heap History (0 events):
No events

Deoptimization events (1 events):
Event: 24,856 Thread 0x00007f1cb4009000 Uncommon trap: reason=unstable_if action=reinterpret pc=0x00007f1d013c747c method=java.awt.EventQueue.getPriority(Ljava/awt/AWTEvent;)I @ 4

Internal exceptions (10 events):
Event: 0,049 Thread 0x00007f1d1000b000 Exception <a 'java/lang/NoSuchMethodError': Method sun.misc.Unsafe.prefetchRead(Ljava/lang/Object;J)V name or signature does not match> (0x00000000d6f87fa8) thrown at [/HUDSON3/workspace/8-2-build-linux-amd64/jdk8u101/7261/hotspot/src/share/vm/prims/jni.c
Event: 0,186 Thread 0x00007f1d1000b000 Exception <a 'java/security/PrivilegedActionException'> (0x00000000d7235850) thrown at [/HUDSON3/workspace/8-2-build-linux-amd64/jdk8u101/7261/hotspot/src/share/vm/prims/jvm.cpp, line 1386]
Event: 0,186 Thread 0x00007f1d1000b000 Exception <a 'java/security/PrivilegedActionException'> (0x00000000d7235a60) thrown at [/HUDSON3/workspace/8-2-build-linux-amd64/jdk8u101/7261/hotspot/src/share/vm/prims/jvm.cpp, line 1386]
Event: 0,187 Thread 0x00007f1d1000b000 Exception <a 'java/security/PrivilegedActionException'> (0x00000000d7237ea0) thrown at [/HUDSON3/workspace/8-2-build-linux-amd64/jdk8u101/7261/hotspot/src/share/vm/prims/jvm.cpp, line 1386]
Event: 0,187 Thread 0x00007f1d1000b000 Exception <a 'java/security/PrivilegedActionException'> (0x00000000d72380b0) thrown at [/HUDSON3/workspace/8-2-build-linux-amd64/jdk8u101/7261/hotspot/src/share/vm/prims/jvm.cpp, line 1386]
Event: 0,259 Thread 0x00007f1d1000b000 Exception <a 'java/lang/NoSuchFieldError': method resolution failed> (0x00000000d736a878) thrown at [/HUDSON3/workspace/8-2-build-linux-amd64/jdk8u101/7261/hotspot/src/share/vm/prims/methodHandles.cpp, line 1146]
Event: 0,263 Thread 0x00007f1d1000b000 Exception <a 'java/lang/NoSuchFieldError': method resolution failed> (0x00000000d7378ac0) thrown at [/HUDSON3/workspace/8-2-build-linux-amd64/jdk8u101/7261/hotspot/src/share/vm/prims/methodHandles.cpp, line 1146]
Event: 0,298 Thread 0x00007f1d1000b000 Exception <a 'java/io/FileNotFoundException'> (0x00000000d741f730) thrown at [/HUDSON3/workspace/8-2-build-linux-amd64/jdk8u101/7261/hotspot/src/share/vm/prims/jni.cpp, line 709]
Event: 0,298 Thread 0x00007f1d1000b000 Exception <a 'java/io/FileNotFoundException'> (0x00000000d74200e0) thrown at [/HUDSON3/workspace/8-2-build-linux-amd64/jdk8u101/7261/hotspot/src/share/vm/prims/jni.cpp, line 709]
Event: 0,862 Thread 0x00007f1cb4009000 Exception <a 'java/lang/UnsupportedOperationException': > (0x00000000d7a88340) thrown at [/HUDSON3/workspace/8-2-build-linux-amd64/jdk8u101/7261/hotspot/src/share/vm/prims/jni.cpp, line 735]

Events (10 events):
Event: 24,869 loading class java/awt/Toolkit$ToolkitEventMulticaster
Event: 24,869 loading class java/awt/Toolkit$ToolkitEventMulticaster done
Event: 24,869 loading class java/awt/Component$FlipBufferStrategy
Event: 24,869 loading class java/awt/Component$FlipBufferStrategy done
Event: 25,871 loading class sun/awt/AppContext$PostShutdownEventRunnable
Event: 25,872 loading class sun/awt/AppContext$PostShutdownEventRunnable done
Event: 25,872 loading class sun/awt/AWTAutoShutdown$1
Event: 25,872 loading class sun/awt/AWTAutoShutdown$1 done
Event: 25,872 Thread 0x00007f1d1037c000 Thread exited: 0x00007f1d1037c000
Event: 25,872 Thread 0x00007f1cb4009000 Thread exited: 0x00007f1cb4009000


Dynamic libraries:
00400000-00401000 r-xp 00000000 08:01 1186631                            /usr/lib/jvm/java-8-oracle/bin/java
00600000-00601000 rw-p 00000000 08:01 1186631                            /usr/lib/jvm/java-8-oracle/bin/java
01857000-01878000 rw-p 00000000 00:00 0                                  [heap]
84e00000-8a100000 rw-p 00000000 00:00 0 
8a100000-d6f80000 ---p 00000000 00:00 0 
d6f80000-d9880000 rw-p 00000000 00:00 0 
d9880000-100000000 ---p 00000000 00:00 0 
100000000-100140000 rw-p 00000000 00:00 0 
100140000-140000000 ---p 00000000 00:00 0 
7f1ca4000000-7f1ca4021000 rw-p 00000000 00:00 0 
7f1ca4021000-7f1ca8000000 ---p 00000000 00:00 0 
7f1ca8000000-7f1ca803b000 rw-p 00000000 00:00 0 
7f1ca803b000-7f1cac000000 ---p 00000000 00:00 0 
7f1cac000000-7f1cac298000 rw-p 00000000 00:00 0 
7f1cac298000-7f1cb0000000 ---p 00000000 00:00 0 
7f1cb0000000-7f1cb028e000 rw-p 00000000 00:00 0 
7f1cb028e000-7f1cb4000000 ---p 00000000 00:00 0 
7f1cb4000000-7f1cb4033000 rw-p 00000000 00:00 0 
7f1cb4033000-7f1cb8000000 ---p 00000000 00:00 0 
7f1cbb2be000-7f1cbb2e8000 r-xp 00000000 08:01 1186763                    /usr/lib/jvm/java-8-oracle/jre/lib/amd64/libdcpr.so
7f1cbb2e8000-7f1cbb4e8000 ---p 0002a000 08:01 1186763                    /usr/lib/jvm/java-8-oracle/jre/lib/amd64/libdcpr.so
7f1cbb4e8000-7f1cbb4eb000 rw-p 0002a000 08:01 1186763                    /usr/lib/jvm/java-8-oracle/jre/lib/amd64/libdcpr.so
7f1cbb4eb000-7f1cbb4ee000 ---p 00000000 00:00 0 
7f1cbb4ee000-7f1cbb5ec000 rw-p 00000000 00:00 0 
7f1cbb5ec000-7f1cbb5ef000 ---p 00000000 00:00 0 
7f1cbb5ef000-7f1cbb8ad000 rw-p 00000000 00:00 0 
7f1cbb8ad000-7f1cbb8ed000 ---p 00000000 00:00 0 
7f1cbb8ed000-7f1cbb8f0000 ---p 00000000 00:00 0 
7f1cbb8f0000-7f1cbb9ee000 rw-p 00000000 00:00 0 
7f1cbb9ee000-7f1cbb9f1000 ---p 00000000 00:00 0 
7f1cbb9f1000-7f1cbbaef000 rw-p 00000000 00:00 0 
7f1cbbaef000-7f1cbbaf2000 ---p 00000000 00:00 0 
7f1cbbaf2000-7f1cbbbf0000 rw-p 00000000 00:00 0 
7f1cbbbf0000-7f1cbbbf5000 r-xp 00000000 08:01 926350                     /usr/lib/x86_64-linux-gnu/libXfixes.so.3.1.0
7f1cbbbf5000-7f1cbbdf4000 ---p 00005000 08:01 926350                     /usr/lib/x86_64-linux-gnu/libXfixes.so.3.1.0
7f1cbbdf4000-7f1cbbdf5000 r--p 00004000 08:01 926350                     /usr/lib/x86_64-linux-gnu/libXfixes.so.3.1.0
7f1cbbdf5000-7f1cbbdf6000 rw-p 00005000 08:01 926350                     /usr/lib/x86_64-linux-gnu/libXfixes.so.3.1.0
7f1cbbdf6000-7f1cbbdff000 r-xp 00000000 08:01 926342                     /usr/lib/x86_64-linux-gnu/libXcursor.so.1.0.2
7f1cbbdff000-7f1cbbffe000 ---p 00009000 08:01 926342                     /usr/lib/x86_64-linux-gnu/libXcursor.so.1.0.2
7f1cbbffe000-7f1cbbfff000 r--p 00008000 08:01 926342                     /usr/lib/x86_64-linux-gnu/libXcursor.so.1.0.2
7f1cbbfff000-7f1cbc000000 rw-p 00009000 08:01 926342                     /usr/lib/x86_64-linux-gnu/libXcursor.so.1.0.2
7f1cbc000000-7f1cbc021000 rw-p 00000000 00:00 0 
7f1cbc021000-7f1cc0000000 ---p 00000000 00:00 0 
7f1cc0000000-7f1cc0021000 rw-p 00000000 00:00 0 
7f1cc0021000-7f1cc4000000 ---p 00000000 00:00 0 
7f1cc4000000-7f1cc4304000 rw-p 00000000 00:00 0 
7f1cc4304000-7f1cc8000000 ---p 00000000 00:00 0 
7f1cc8000000-7f1cc8021000 rw-p 00000000 00:00 0 
7f1cc8021000-7f1ccc000000 ---p 00000000 00:00 0 
7f1ccc000000-7f1cccb70000 rw-p 00000000 00:00 0 
7f1cccb70000-7f1cd0000000 ---p 00000000 00:00 0 
7f1cd0000000-7f1cd0164000 rw-p 00000000 00:00 0 
7f1cd0164000-7f1cd4000000 ---p 00000000 00:00 0 
7f1cd4000000-7f1cd4021000 rw-p 00000000 00:00 0 
7f1cd4021000-7f1cd8000000 ---p 00000000 00:00 0 
7f1cd8000000-7f1cd8021000 rw-p 00000000 00:00 0 
7f1cd8021000-7f1cdc000000 ---p 00000000 00:00 0 
7f1cdc000000-7f1cdc021000 rw-p 00000000 00:00 0 
7f1cdc021000-7f1ce0000000 ---p 00000000 00:00 0 
7f1ce0000000-7f1ce0021000 rw-p 00000000 00:00 0 
7f1ce0021000-7f1ce4000000 ---p 00000000 00:00 0 
7f1ce4000000-7f1ce4021000 rw-p 00000000 00:00 0 
7f1ce4021000-7f1ce8000000 ---p 00000000 00:00 0 
7f1ce8067000-7f1ce806a000 ---p 00000000 00:00 0 
7f1ce806a000-7f1ce8168000 rw-p 00000000 00:00 0 
7f1ce8168000-7f1ce817e000 r-xp 00000000 08:01 2101836                    /lib/x86_64-linux-gnu/libgcc_s.so.1
7f1ce817e000-7f1ce837d000 ---p 00016000 08:01 2101836                    /lib/x86_64-linux-gnu/libgcc_s.so.1
7f1ce837d000-7f1ce837e000 rw-p 00015000 08:01 2101836                    /lib/x86_64-linux-gnu/libgcc_s.so.1
7f1ce837e000-7f1ce83e3000 r-xp 00000000 08:01 1186775                    /usr/lib/jvm/java-8-oracle/jre/lib/amd64/libfontmanager.so
7f1ce83e3000-7f1ce85e2000 ---p 00065000 08:01 1186775                    /usr/lib/jvm/java-8-oracle/jre/lib/amd64/libfontmanager.so
7f1ce85e2000-7f1ce85e7000 rw-p 00064000 08:01 1186775                    /usr/lib/jvm/java-8-oracle/jre/lib/amd64/libfontmanager.so
7f1ce85e7000-7f1ce85f7000 rw-p 00000000 00:00 0 
7f1ce85f7000-7f1ce85fc000 r-xp 00000000 08:01 926346                     /usr/lib/x86_64-linux-gnu/libXdmcp.so.6.0.0
7f1ce85fc000-7f1ce87fb000 ---p 00005000 08:01 926346                     /usr/lib/x86_64-linux-gnu/libXdmcp.so.6.0.0
7f1ce87fb000-7f1ce87fc000 r--p 00004000 08:01 926346                     /usr/lib/x86_64-linux-gnu/libXdmcp.so.6.0.0
7f1ce87fc000-7f1ce87fd000 rw-p 00005000 08:01 926346                     /usr/lib/x86_64-linux-gnu/libXdmcp.so.6.0.0
7f1ce87fd000-7f1ce87ff000 r-xp 00000000 08:01 926335                     /usr/lib/x86_64-linux-gnu/libXau.so.6.0.0
7f1ce87ff000-7f1ce89ff000 ---p 00002000 08:01 926335                     /usr/lib/x86_64-linux-gnu/libXau.so.6.0.0
7f1ce89ff000-7f1ce8a00000 r--p 00002000 08:01 926335                     /usr/lib/x86_64-linux-gnu/libXau.so.6.0.0
7f1ce8a00000-7f1ce8a01000 rw-p 00003000 08:01 926335                     /usr/lib/x86_64-linux-gnu/libXau.so.6.0.0
7f1ce8a01000-7f1ce8a22000 r-xp 00000000 08:01 927713                     /usr/lib/x86_64-linux-gnu/libxcb.so.1.1.0
7f1ce8a22000-7f1ce8c21000 ---p 00021000 08:01 927713                     /usr/lib/x86_64-linux-gnu/libxcb.so.1.1.0
7f1ce8c21000-7f1ce8c22000 r--p 00020000 08:01 927713                     /usr/lib/x86_64-linux-gnu/libxcb.so.1.1.0
7f1ce8c22000-7f1ce8c23000 rw-p 00021000 08:01 927713                     /usr/lib/x86_64-linux-gnu/libxcb.so.1.1.0
7f1ce8c23000-7f1ce8c32000 r-xp 00000000 08:01 926356                     /usr/lib/x86_64-linux-gnu/libXi.so.6.1.0
7f1ce8c32000-7f1ce8e31000 ---p 0000f000 08:01 926356                     /usr/lib/x86_64-linux-gnu/libXi.so.6.1.0
7f1ce8e31000-7f1ce8e32000 r--p 0000e000 08:01 926356                     /usr/lib/x86_64-linux-gnu/libXi.so.6.1.0
7f1ce8e32000-7f1ce8e33000 rw-p 0000f000 08:01 926356                     /usr/lib/x86_64-linux-gnu/libXi.so.6.1.0
7f1ce8e33000-7f1ce8e38000 r-xp 00000000 08:01 926374                     /usr/lib/x86_64-linux-gnu/libXtst.so.6.1.0
7f1ce8e38000-7f1ce9037000 ---p 00005000 08:01 926374                     /usr/lib/x86_64-linux-gnu/libXtst.so.6.1.0
7f1ce9037000-7f1ce9038000 r--p 00004000 08:01 926374                     /usr/lib/x86_64-linux-gnu/libXtst.so.6.1.0
7f1ce9038000-7f1ce9039000 rw-p 00005000 08:01 926374                     /usr/lib/x86_64-linux-gnu/libXtst.so.6.1.0
7f1ce9039000-7f1ce9042000 r-xp 00000000 08:01 926368                     /usr/lib/x86_64-linux-gnu/libXrender.so.1.3.0
7f1ce9042000-7f1ce9241000 ---p 00009000 08:01 926368                     /usr/lib/x86_64-linux-gnu/libXrender.so.1.3.0
7f1ce9241000-7f1ce9242000 r--p 00008000 08:01 926368                     /usr/lib/x86_64-linux-gnu/libXrender.so.1.3.0
7f1ce9242000-7f1ce9243000 rw-p 00009000 08:01 926368                     /usr/lib/x86_64-linux-gnu/libXrender.so.1.3.0
7f1ce9243000-7f1ce9378000 r-xp 00000000 08:01 926331                     /usr/lib/x86_64-linux-gnu/libX11.so.6.3.0
7f1ce9378000-7f1ce9578000 ---p 00135000 08:01 926331                     /usr/lib/x86_64-linux-gnu/libX11.so.6.3.0
7f1ce9578000-7f1ce9579000 r--p 00135000 08:01 926331                     /usr/lib/x86_64-linux-gnu/libX11.so.6.3.0
7f1ce9579000-7f1ce957d000 rw-p 00136000 08:01 926331                     /usr/lib/x86_64-linux-gnu/libX11.so.6.3.0
7f1ce957d000-7f1ce958e000 r-xp 00000000 08:01 926348                     /usr/lib/x86_64-linux-gnu/libXext.so.6.4.0
7f1ce958e000-7f1ce978d000 ---p 00011000 08:01 926348                     /usr/lib/x86_64-linux-gnu/libXext.so.6.4.0
7f1ce978d000-7f1ce978e000 r--p 00010000 08:01 926348                     /usr/lib/x86_64-linux-gnu/libXext.so.6.4.0
7f1ce978e000-7f1ce978f000 rw-p 00011000 08:01 926348                     /usr/lib/x86_64-linux-gnu/libXext.so.6.4.0
7f1ce97b0000-7f1ce9804000 r-xp 00000000 08:01 1186783                    /usr/lib/jvm/java-8-oracle/jre/lib/amd64/libawt_xawt.so
7f1ce9804000-7f1ce9a04000 ---p 00054000 08:01 1186783                    /usr/lib/jvm/java-8-oracle/jre/lib/amd64/libawt_xawt.so
7f1ce9a04000-7f1ce9a08000 rw-p 00054000 08:01 1186783                    /usr/lib/jvm/java-8-oracle/jre/lib/amd64/libawt_xawt.so
7f1ce9a08000-7f1ce9a09000 rw-p 00000000 00:00 0 
7f1ce9a09000-7f1ce9aab000 r-xp 00000000 08:01 1186815                    /usr/lib/jvm/java-8-oracle/jre/lib/amd64/libawt.so
7f1ce9aab000-7f1ce9cab000 ---p 000a2000 08:01 1186815                    /usr/lib/jvm/java-8-oracle/jre/lib/amd64/libawt.so
7f1ce9cab000-7f1ce9cb7000 rw-p 000a2000 08:01 1186815                    /usr/lib/jvm/java-8-oracle/jre/lib/amd64/libawt.so
7f1ce9cb7000-7f1ce9cdb000 rw-p 00000000 00:00 0 
7f1ce9cdb000-7f1ce9cdc000 ---p 00000000 00:00 0 
7f1ce9cdc000-7f1ce9ddc000 rw-p 00000000 00:00 0 
7f1ce9ddc000-7f1ce9ddf000 ---p 00000000 00:00 0 
7f1ce9ddf000-7f1ce9edd000 rw-p 00000000 00:00 0 
7f1ce9edd000-7f1ce9ee0000 ---p 00000000 00:00 0 
7f1ce9ee0000-7f1cea2df000 rw-p 00000000 00:00 0 
7f1cea2df000-7f1cea2f5000 r-xp 00000000 08:01 1186758                    /usr/lib/jvm/java-8-oracle/jre/lib/amd64/libnet.so
7f1cea2f5000-7f1cea4f5000 ---p 00016000 08:01 1186758                    /usr/lib/jvm/java-8-oracle/jre/lib/amd64/libnet.so
7f1cea4f5000-7f1cea4f6000 rw-p 00016000 08:01 1186758                    /usr/lib/jvm/java-8-oracle/jre/lib/amd64/libnet.so
7f1cea4f6000-7f1cea4f9000 ---p 00000000 00:00 0 
7f1cea4f9000-7f1cea5f7000 rw-p 00000000 00:00 0 
7f1cea5f7000-7f1cea5fa000 ---p 00000000 00:00 0 
7f1cea5fa000-7f1cea6f8000 rw-p 00000000 00:00 0 
7f1cea6f8000-7f1cea6fb000 ---p 00000000 00:00 0 
7f1cea6fb000-7f1cea7f9000 rw-p 00000000 00:00 0 
7f1cea7f9000-7f1cea80c000 r--s 00345000 08:01 1186739                    /usr/lib/jvm/java-8-oracle/jre/lib/resources.jar
7f1cea80c000-7f1cea80f000 ---p 00000000 00:00 0 
7f1cea80f000-7f1cea90d000 rw-p 00000000 00:00 0 
7f1cea90d000-7f1cead63000 r--p 00000000 08:01 918388                     /usr/lib/locale/locale-archive
7f1cead63000-7f1cead66000 ---p 00000000 00:00 0 
7f1cead66000-7f1ceae64000 rw-p 00000000 00:00 0 
7f1ceae64000-7f1ceae67000 ---p 00000000 00:00 0 
7f1ceae67000-7f1ceaf65000 rw-p 00000000 00:00 0 
7f1ceaf65000-7f1ceaf66000 ---p 00000000 00:00 0 
7f1ceaf66000-7f1cf0000000 rw-p 00000000 00:00 0 
7f1cf0000000-7f1cf0021000 rw-p 00000000 00:00 0 
7f1cf0021000-7f1cf4000000 ---p 00000000 00:00 0 
7f1cf4000000-7f1cf4021000 rw-p 00000000 00:00 0 
7f1cf4021000-7f1cf8000000 ---p 00000000 00:00 0 
7f1cf8000000-7f1cf8021000 rw-p 00000000 00:00 0 
7f1cf8021000-7f1cfc000000 ---p 00000000 00:00 0 
7f1cfc000000-7f1cfc021000 rw-p 00000000 00:00 0 
7f1cfc021000-7f1d00000000 ---p 00000000 00:00 0 
7f1d00002000-7f1d00012000 rw-s 00000000 00:05 43909134                   /SYSV00000000 (deleted)
7f1d00012000-7f1d00025000 r--s 000d6000 08:01 1186738                    /usr/lib/jvm/java-8-oracle/jre/lib/plugin.jar
7f1d00025000-7f1d00040000 r--s 00208000 08:01 1186719                    /usr/lib/jvm/java-8-oracle/jre/lib/deploy.jar
7f1d00040000-7f1d00545000 rw-p 00000000 00:00 0 
7f1d00545000-7f1d0071e000 r--s 03d29000 08:01 1186705                    /usr/lib/jvm/java-8-oracle/jre/lib/rt.jar
7f1d0071e000-7f1d00b6d000 rw-p 00000000 00:00 0 
7f1d00b6d000-7f1d00b6e000 ---p 00000000 00:00 0 
7f1d00b6e000-7f1d00c6e000 rw-p 00000000 00:00 0 
7f1d00c6e000-7f1d00c6f000 ---p 00000000 00:00 0 
7f1d00c6f000-7f1d00d99000 rw-p 00000000 00:00 0 
7f1d00d99000-7f1d01000000 ---p 00000000 00:00 0 
7f1d01000000-7f1d013e0000 rwxp 00000000 00:00 0 
7f1d013e0000-7f1d10000000 ---p 00000000 00:00 0 
7f1d10000000-7f1d10388000 rw-p 00000000 00:00 0 
7f1d10388000-7f1d14000000 ---p 00000000 00:00 0 
7f1d14001000-7f1d14004000 r--s 00019000 08:01 876014                     /home/ducnd/Desktop/idea-IU-171.3780.107/lib/idea_rt.jar
7f1d14004000-7f1d14005000 r--s 00000000 08:01 1186710                    /usr/lib/jvm/java-8-oracle/jre/lib/management-agent.jar
7f1d14005000-7f1d14006000 ---p 00000000 00:00 0 
7f1d14006000-7f1d14106000 rw-p 00000000 00:00 0 
7f1d14106000-7f1d14107000 ---p 00000000 00:00 0 
7f1d14107000-7f1d14231000 rw-p 00000000 00:00 0 
7f1d14231000-7f1d14497000 ---p 00000000 00:00 0 
7f1d14497000-7f1d144ad000 rw-p 00000000 00:00 0 
7f1d144ad000-7f1d145e0000 ---p 00000000 00:00 0 
7f1d145e0000-7f1d145f1000 rw-p 00000000 00:00 0 
7f1d145f1000-7f1d149a1000 ---p 00000000 00:00 0 
7f1d149a1000-7f1d149bb000 r-xp 00000000 08:01 1186779                    /usr/lib/jvm/java-8-oracle/jre/lib/amd64/libzip.so
7f1d149bb000-7f1d14bbb000 ---p 0001a000 08:01 1186779                    /usr/lib/jvm/java-8-oracle/jre/lib/amd64/libzip.so
7f1d14bbb000-7f1d14bbc000 rw-p 0001a000 08:01 1186779                    /usr/lib/jvm/java-8-oracle/jre/lib/amd64/libzip.so
7f1d14bbc000-7f1d14bc7000 r-xp 00000000 08:01 2097816                    /lib/x86_64-linux-gnu/libnss_files-2.23.so
7f1d14bc7000-7f1d14dc6000 ---p 0000b000 08:01 2097816                    /lib/x86_64-linux-gnu/libnss_files-2.23.so
7f1d14dc6000-7f1d14dc7000 r--p 0000a000 08:01 2097816                    /lib/x86_64-linux-gnu/libnss_files-2.23.so
7f1d14dc7000-7f1d14dc8000 rw-p 0000b000 08:01 2097816                    /lib/x86_64-linux-gnu/libnss_files-2.23.so
7f1d14dc8000-7f1d14dce000 rw-p 00000000 00:00 0 
7f1d14dce000-7f1d14dd9000 r-xp 00000000 08:01 2097685                    /lib/x86_64-linux-gnu/libnss_nis-2.23.so
7f1d14dd9000-7f1d14fd8000 ---p 0000b000 08:01 2097685                    /lib/x86_64-linux-gnu/libnss_nis-2.23.so
7f1d14fd8000-7f1d14fd9000 r--p 0000a000 08:01 2097685                    /lib/x86_64-linux-gnu/libnss_nis-2.23.so
7f1d14fd9000-7f1d14fda000 rw-p 0000b000 08:01 2097685                    /lib/x86_64-linux-gnu/libnss_nis-2.23.so
7f1d14fda000-7f1d14ff0000 r-xp 00000000 08:01 2097745                    /lib/x86_64-linux-gnu/libnsl-2.23.so
7f1d14ff0000-7f1d151ef000 ---p 00016000 08:01 2097745                    /lib/x86_64-linux-gnu/libnsl-2.23.so
7f1d151ef000-7f1d151f0000 r--p 00015000 08:01 2097745                    /lib/x86_64-linux-gnu/libnsl-2.23.so
7f1d151f0000-7f1d151f1000 rw-p 00016000 08:01 2097745                    /lib/x86_64-linux-gnu/libnsl-2.23.so
7f1d151f1000-7f1d151f3000 rw-p 00000000 00:00 0 
7f1d151f3000-7f1d151fb000 r-xp 00000000 08:01 2097870                    /lib/x86_64-linux-gnu/libnss_compat-2.23.so
7f1d151fb000-7f1d153fa000 ---p 00008000 08:01 2097870                    /lib/x86_64-linux-gnu/libnss_compat-2.23.so
7f1d153fa000-7f1d153fb000 r--p 00007000 08:01 2097870                    /lib/x86_64-linux-gnu/libnss_compat-2.23.so
7f1d153fb000-7f1d153fc000 rw-p 00008000 08:01 2097870                    /lib/x86_64-linux-gnu/libnss_compat-2.23.so
7f1d153fc000-7f1d15406000 r-xp 00000000 08:01 1186816                    /usr/lib/jvm/java-8-oracle/jre/lib/amd64/libinstrument.so
7f1d15406000-7f1d15605000 ---p 0000a000 08:01 1186816                    /usr/lib/jvm/java-8-oracle/jre/lib/amd64/libinstrument.so
7f1d15605000-7f1d15606000 rw-p 00009000 08:01 1186816                    /usr/lib/jvm/java-8-oracle/jre/lib/amd64/libinstrument.so
7f1d15606000-7f1d15630000 r-xp 00000000 08:01 1186805                    /usr/lib/jvm/java-8-oracle/jre/lib/amd64/libjava.so
7f1d15630000-7f1d15830000 ---p 0002a000 08:01 1186805                    /usr/lib/jvm/java-8-oracle/jre/lib/amd64/libjava.so
7f1d15830000-7f1d15832000 rw-p 0002a000 08:01 1186805                    /usr/lib/jvm/java-8-oracle/jre/lib/amd64/libjava.so
7f1d15832000-7f1d1583f000 r-xp 00000000 08:01 1186759                    /usr/lib/jvm/java-8-oracle/jre/lib/amd64/libverify.so
7f1d1583f000-7f1d15a3f000 ---p 0000d000 08:01 1186759                    /usr/lib/jvm/java-8-oracle/jre/lib/amd64/libverify.so
7f1d15a3f000-7f1d15a41000 rw-p 0000d000 08:01 1186759                    /usr/lib/jvm/java-8-oracle/jre/lib/amd64/libverify.so
7f1d15a41000-7f1d15a48000 r-xp 00000000 08:01 2097876                    /lib/x86_64-linux-gnu/librt-2.23.so
7f1d15a48000-7f1d15c47000 ---p 00007000 08:01 2097876                    /lib/x86_64-linux-gnu/librt-2.23.so
7f1d15c47000-7f1d15c48000 r--p 00006000 08:01 2097876                    /lib/x86_64-linux-gnu/librt-2.23.so
7f1d15c48000-7f1d15c49000 rw-p 00007000 08:01 2097876                    /lib/x86_64-linux-gnu/librt-2.23.so
7f1d15c49000-7f1d15d51000 r-xp 00000000 08:01 2097722                    /lib/x86_64-linux-gnu/libm-2.23.so
7f1d15d51000-7f1d15f50000 ---p 00108000 08:01 2097722                    /lib/x86_64-linux-gnu/libm-2.23.so
7f1d15f50000-7f1d15f51000 r--p 00107000 08:01 2097722                    /lib/x86_64-linux-gnu/libm-2.23.so
7f1d15f51000-7f1d15f52000 rw-p 00108000 08:01 2097722                    /lib/x86_64-linux-gnu/libm-2.23.so
7f1d15f52000-7f1d16c1d000 r-xp 00000000 08:01 1186809                    /usr/lib/jvm/java-8-oracle/jre/lib/amd64/server/libjvm.so
7f1d16c1d000-7f1d16e1c000 ---p 00ccb000 08:01 1186809                    /usr/lib/jvm/java-8-oracle/jre/lib/amd64/server/libjvm.so
7f1d16e1c000-7f1d16ef5000 rw-p 00cca000 08:01 1186809                    /usr/lib/jvm/java-8-oracle/jre/lib/amd64/server/libjvm.so
7f1d16ef5000-7f1d16f40000 rw-p 00000000 00:00 0 
7f1d16f40000-7f1d170ff000 r-xp 00000000 08:01 2097747                    /lib/x86_64-linux-gnu/libc-2.23.so
7f1d170ff000-7f1d172ff000 ---p 001bf000 08:01 2097747                    /lib/x86_64-linux-gnu/libc-2.23.so
7f1d172ff000-7f1d17303000 r--p 001bf000 08:01 2097747                    /lib/x86_64-linux-gnu/libc-2.23.so
7f1d17303000-7f1d17305000 rw-p 001c3000 08:01 2097747                    /lib/x86_64-linux-gnu/libc-2.23.so
7f1d17305000-7f1d17309000 rw-p 00000000 00:00 0 
7f1d17309000-7f1d1730c000 r-xp 00000000 08:01 2097653                    /lib/x86_64-linux-gnu/libdl-2.23.so
7f1d1730c000-7f1d1750b000 ---p 00003000 08:01 2097653                    /lib/x86_64-linux-gnu/libdl-2.23.so
7f1d1750b000-7f1d1750c000 r--p 00002000 08:01 2097653                    /lib/x86_64-linux-gnu/libdl-2.23.so
7f1d1750c000-7f1d1750d000 rw-p 00003000 08:01 2097653                    /lib/x86_64-linux-gnu/libdl-2.23.so
7f1d1750d000-7f1d17522000 r-xp 00000000 08:01 1056867                    /usr/lib/jvm/java-8-oracle/lib/amd64/jli/libjli.so
7f1d17522000-7f1d17722000 ---p 00015000 08:01 1056867                    /usr/lib/jvm/java-8-oracle/lib/amd64/jli/libjli.so
7f1d17722000-7f1d17723000 rw-p 00015000 08:01 1056867                    /usr/lib/jvm/java-8-oracle/lib/amd64/jli/libjli.so
7f1d17723000-7f1d1773b000 r-xp 00000000 08:01 2097993                    /lib/x86_64-linux-gnu/libpthread-2.23.so
7f1d1773b000-7f1d1793a000 ---p 00018000 08:01 2097993                    /lib/x86_64-linux-gnu/libpthread-2.23.so
7f1d1793a000-7f1d1793b000 r--p 00017000 08:01 2097993                    /lib/x86_64-linux-gnu/libpthread-2.23.so
7f1d1793b000-7f1d1793c000 rw-p 00018000 08:01 2097993                    /lib/x86_64-linux-gnu/libpthread-2.23.so
7f1d1793c000-7f1d17940000 rw-p 00000000 00:00 0 
7f1d17940000-7f1d17966000 r-xp 00000000 08:01 2097755                    /lib/x86_64-linux-gnu/ld-2.23.so
7f1d17966000-7f1d1796a000 r--s 00097000 08:01 1186657                    /usr/lib/jvm/java-8-oracle/jre/lib/jsse.jar
7f1d1796a000-7f1d1796c000 r--s 00007000 08:01 1186709                    /usr/lib/jvm/java-8-oracle/jre/lib/jfxswt.jar
7f1d1796c000-7f1d17a3d000 rw-p 00000000 00:00 0 
7f1d17a3d000-7f1d17a40000 ---p 00000000 00:00 0 
7f1d17a40000-7f1d17b42000 rw-p 00000000 00:00 0 
7f1d17b42000-7f1d17b47000 r--s 00084000 08:01 1186716                    /usr/lib/jvm/java-8-oracle/jre/lib/jfr.jar
7f1d17b47000-7f1d17b4a000 r--s 0001a000 08:01 1186743                    /usr/lib/jvm/java-8-oracle/jre/lib/jce.jar
7f1d17b4a000-7f1d17b54000 r--s 0006c000 08:01 1186718                    /usr/lib/jvm/java-8-oracle/jre/lib/javaws.jar
7f1d17b54000-7f1d17b59000 r--s 002f9000 08:01 1186658                    /usr/lib/jvm/java-8-oracle/jre/lib/charsets.jar
7f1d17b59000-7f1d17b61000 rw-s 00000000 08:01 3932202                    /tmp/hsperfdata_ducnd/9470
7f1d17b61000-7f1d17b62000 rw-p 00000000 00:00 0 
7f1d17b62000-7f1d17b63000 r--p 00000000 00:00 0 
7f1d17b63000-7f1d17b65000 rw-p 00000000 00:00 0 
7f1d17b65000-7f1d17b66000 r--p 00025000 08:01 2097755                    /lib/x86_64-linux-gnu/ld-2.23.so
7f1d17b66000-7f1d17b67000 rw-p 00026000 08:01 2097755                    /lib/x86_64-linux-gnu/ld-2.23.so
7f1d17b67000-7f1d17b68000 rw-p 00000000 00:00 0 
7fffff27c000-7fffff29e000 rw-p 00000000 00:00 0                          [stack]
7fffff305000-7fffff307000 r--p 00000000 00:00 0                          [vvar]
7fffff307000-7fffff309000 r-xp 00000000 00:00 0                          [vdso]
ffffffffff600000-ffffffffff601000 r-xp 00000000 00:00 0                  [vsyscall]

VM Arguments:
jvm_args: -javaagent:/home/ducnd/Desktop/idea-IU-171.3780.107/lib/idea_rt.jar=34054:/home/ducnd/Desktop/idea-IU-171.3780.107/bin -Dfile.encoding=UTF-8 
java_command: com.t3h.Main
java_class_path (initial): /usr/lib/jvm/java-8-oracle/jre/lib/charsets.jar:/usr/lib/jvm/java-8-oracle/jre/lib/deploy.jar:/usr/lib/jvm/java-8-oracle/jre/lib/ext/cldrdata.jar:/usr/lib/jvm/java-8-oracle/jre/lib/ext/dnsns.jar:/usr/lib/jvm/java-8-oracle/jre/lib/ext/jaccess.jar:/usr/lib/jvm/java-8-oracle/jre/lib/ext/jfxrt.jar:/usr/lib/jvm/java-8-oracle/jre/lib/ext/localedata.jar:/usr/lib/jvm/java-8-oracle/jre/lib/ext/nashorn.jar:/usr/lib/jvm/java-8-oracle/jre/lib/ext/sunec.jar:/usr/lib/jvm/java-8-oracle/jre/lib/ext/sunjce_provider.jar:/usr/lib/jvm/java-8-oracle/jre/lib/ext/sunpkcs11.jar:/usr/lib/jvm/java-8-oracle/jre/lib/ext/zipfs.jar:/usr/lib/jvm/java-8-oracle/jre/lib/javaws.jar:/usr/lib/jvm/java-8-oracle/jre/lib/jce.jar:/usr/lib/jvm/java-8-oracle/jre/lib/jfr.jar:/usr/lib/jvm/java-8-oracle/jre/lib/jfxswt.jar:/usr/lib/jvm/java-8-oracle/jre/lib/jsse.jar:/usr/lib/jvm/java-8-oracle/jre/lib/management-agent.jar:/usr/lib/jvm/java-8-oracle/jre/lib/plugin.jar:/usr/lib/jvm/java-8-oracle/jre/lib/resources.jar:/usr/lib/jvm/java-8-oracle/jre/lib/rt.jar:/home/ducnd/Desktop/DaoVang/out/production/DaoVang:/home/ducnd/Desktop/idea-IU-171.3780.107/lib/idea_rt.jar
Launcher Type: SUN_STANDARD

Environment Variables:
JAVA_HOME=/usr/lib/jvm/java-8-oracle
PATH=~/Desktop/idea-IU-163.7743.44/bin/:~/Desktop/android-studio/bin/:/home/ducnd/bin:/home/ducnd/.local/bin:/usr/local/sbin:/usr/local/bin:/usr/sbin:/usr/bin:/sbin:/bin:/usr/games:/usr/local/games:/snap/bin:/usr/lib/jvm/java-8-oracle/bin:/media/ducnd/Study/android-sdk-linux/ndk-bundle/build
LD_LIBRARY_PATH=.:
SHELL=/bin/bash
DISPLAY=:0

Signal Handlers:
SIGSEGV: [libjvm.so+0xac4790], sa_mask[0]=11111111011111111101111111111110, sa_flags=SA_RESTART|SA_SIGINFO
SIGBUS: [libjvm.so+0xac4790], sa_mask[0]=11111111011111111101111111111110, sa_flags=SA_RESTART|SA_SIGINFO
SIGFPE: [libjvm.so+0x91f140], sa_mask[0]=11111111011111111101111111111110, sa_flags=SA_RESTART|SA_SIGINFO
SIGPIPE: [libjvm.so+0x91f140], sa_mask[0]=11111111011111111101111111111110, sa_flags=SA_RESTART|SA_SIGINFO
SIGXFSZ: [libjvm.so+0x91f140], sa_mask[0]=11111111011111111101111111111110, sa_flags=SA_RESTART|SA_SIGINFO
SIGILL: [libjvm.so+0x91f140], sa_mask[0]=11111111011111111101111111111110, sa_flags=SA_RESTART|SA_SIGINFO
SIGUSR1: SIG_DFL, sa_mask[0]=00000000000000000000000000000000, sa_flags=none
SIGUSR2: [libjvm.so+0x920770], sa_mask[0]=00100000000000000000000000000000, sa_flags=SA_RESTART|SA_SIGINFO
SIGHUP: [libjvm.so+0x921b70], sa_mask[0]=11111111011111111101111111111110, sa_flags=SA_RESTART|SA_SIGINFO
SIGINT: [libjvm.so+0x921b70], sa_mask[0]=11111111011111111101111111111110, sa_flags=SA_RESTART|SA_SIGINFO
SIGTERM: [libjvm.so+0x921b70], sa_mask[0]=11111111011111111101111111111110, sa_flags=SA_RESTART|SA_SIGINFO
SIGQUIT: [libjvm.so+0x921b70], sa_mask[0]=11111111011111111101111111111110, sa_flags=SA_RESTART|SA_SIGINFO


---------------  S Y S T E M  ---------------

OS:DISTRIB_ID=Ubuntu
DISTRIB_RELEASE=16.04
DISTRIB_CODENAME=xenial
DISTRIB_DESCRIPTION="Ubuntu 16.04.2 LTS"

uname:Linux 4.4.0-72-generic #93-Ubuntu SMP Fri Mar 31 14:07:41 UTC 2017 x86_64
libc:glibc 2.23 NPTL 2.23 
rlimit: STACK 8192k, CORE 0k, NPROC 31350, NOFILE 65536, AS infinity
load average:0,62 0,53 0,55

/proc/meminfo:
MemTotal:        8066028 kB
MemFree:         2958328 kB
MemAvailable:    4404836 kB
Buffers:          136592 kB
Cached:          1766420 kB
SwapCached:            0 kB
Active:          3725156 kB
Inactive:        1105172 kB
Active(anon):    2929368 kB
Inactive(anon):   287244 kB
Active(file):     795788 kB
Inactive(file):   817928 kB
Unevictable:          68 kB
Mlocked:              48 kB
SwapTotal:       4240380 kB
SwapFree:        4240380 kB
Dirty:                48 kB
Writeback:             0 kB
AnonPages:       2905940 kB
Mapped:           416468 kB
Shmem:            289244 kB
Slab:             148404 kB
SReclaimable:     107340 kB
SUnreclaim:        41064 kB
KernelStack:       12448 kB
PageTables:        43804 kB
NFS_Unstable:          0 kB
Bounce:                0 kB
WritebackTmp:          0 kB
CommitLimit:     8273392 kB
Committed_AS:    8652036 kB
VmallocTotal:   34359738367 kB
VmallocUsed:           0 kB
VmallocChunk:          0 kB
HardwareCorrupted:     0 kB
AnonHugePages:   1617920 kB
CmaTotal:              0 kB
CmaFree:               0 kB
HugePages_Total:       0
HugePages_Free:        0
HugePages_Rsvd:        0
HugePages_Surp:        0
Hugepagesize:       2048 kB
DirectMap4k:      168508 kB
DirectMap2M:     8112128 kB


CPU:total 4 (2 cores per cpu, 2 threads per core) family 6 model 42 stepping 7, cmov, cx8, fxsr, mmx, sse, sse2, sse3, ssse3, sse4.1, sse4.2, popcnt, avx, clmul, ht, tsc, tscinvbit

/proc/cpuinfo:
processor	: 0
vendor_id	: GenuineIntel
cpu family	: 6
model		: 42
model name	: Intel(R) Core(TM) i3-2330M CPU @ 2.20GHz
stepping	: 7
microcode	: 0x29
cpu MHz		: 1833.046
cache size	: 3072 KB
physical id	: 0
siblings	: 4
core id		: 0
cpu cores	: 2
apicid		: 0
initial apicid	: 0
fpu		: yes
fpu_exception	: yes
cpuid level	: 13
wp		: yes
flags		: fpu vme de pse tsc msr pae mce cx8 apic sep mtrr pge mca cmov pat pse36 clflush dts acpi mmx fxsr sse sse2 ss ht tm pbe syscall nx rdtscp lm constant_tsc arch_perfmon pebs bts nopl xtopology nonstop_tsc aperfmperf eagerfpu pni pclmulqdq dtes64 monitor ds_cpl vmx est tm2 ssse3 cx16 xtpr pdcm pcid sse4_1 sse4_2 x2apic popcnt tsc_deadline_timer xsave avx lahf_lm epb tpr_shadow vnmi flexpriority ept vpid xsaveopt dtherm arat pln pts
bugs		:
bogomips	: 4394.60
clflush size	: 64
cache_alignment	: 64
address sizes	: 36 bits physical, 48 bits virtual
power management:

processor	: 1
vendor_id	: GenuineIntel
cpu family	: 6
model		: 42
model name	: Intel(R) Core(TM) i3-2330M CPU @ 2.20GHz
stepping	: 7
microcode	: 0x29
cpu MHz		: 1833.132
cache size	: 3072 KB
physical id	: 0
siblings	: 4
core id		: 0
cpu cores	: 2
apicid		: 1
initial apicid	: 1
fpu		: yes
fpu_exception	: yes
cpuid level	: 13
wp		: yes
flags		: fpu vme de pse tsc msr pae mce cx8 apic sep mtrr pge mca cmov pat pse36 clflush dts acpi mmx fxsr sse sse2 ss ht tm pbe syscall nx rdtscp lm constant_tsc arch_perfmon pebs bts nopl xtopology nonstop_tsc aperfmperf eagerfpu pni pclmulqdq dtes64 monitor ds_cpl vmx est tm2 ssse3 cx16 xtpr pdcm pcid sse4_1 sse4_2 x2apic popcnt tsc_deadline_timer xsave avx lahf_lm epb tpr_shadow vnmi flexpriority ept vpid xsaveopt dtherm arat pln pts
bugs		:
bogomips	: 4394.60
clflush size	: 64
cache_alignment	: 64
address sizes	: 36 bits physical, 48 bits virtual
power management:

processor	: 2
vendor_id	: GenuineIntel
cpu family	: 6
model		: 42
model name	: Intel(R) Core(TM) i3-2330M CPU @ 2.20GHz
stepping	: 7
microcode	: 0x29
cpu MHz		: 1833.046
cache size	: 3072 KB
physical id	: 0
siblings	: 4
core id		: 1
cpu cores	: 2
apicid		: 2
initial apicid	: 2
fpu		: yes
fpu_exception	: yes
cpuid level	: 13
wp		: yes
flags		: fpu vme de pse tsc msr pae mce cx8 apic sep mtrr pge mca cmov pat pse36 clflush dts acpi mmx fxsr sse sse2 ss ht tm pbe syscall nx rdtscp lm constant_tsc arch_perfmon pebs bts nopl xtopology nonstop_tsc aperfmperf eagerfpu pni pclmulqdq dtes64 monitor ds_cpl vmx est tm2 ssse3 cx16 xtpr pdcm pcid sse4_1 sse4_2 x2apic popcnt tsc_deadline_timer xsave avx lahf_lm epb tpr_shadow vnmi flexpriority ept vpid xsaveopt dtherm arat pln pts
bugs		:
bogomips	: 4394.60
clflush size	: 64
cache_alignment	: 64
address sizes	: 36 bits physical, 48 bits virtual
power management:

processor	: 3
vendor_id	: GenuineIntel
cpu family	: 6
model		: 42
model name	: Intel(R) Core(TM) i3-2330M CPU @ 2.20GHz
stepping	: 7
microcode	: 0x29
cpu MHz		: 1799.789
cache size	: 3072 KB
physical id	: 0
siblings	: 4
core id		: 1
cpu cores	: 2
apicid		: 3
initial apicid	: 3
fpu		: yes
fpu_exception	: yes
cpuid level	: 13
wp		: yes
flags		: fpu vme de pse tsc msr pae mce cx8 apic sep mtrr pge mca cmov pat pse36 clflush dts acpi mmx fxsr sse sse2 ss ht tm pbe syscall nx rdtscp lm constant_tsc arch_perfmon pebs bts nopl xtopology nonstop_tsc aperfmperf eagerfpu pni pclmulqdq dtes64 monitor ds_cpl vmx est tm2 ssse3 cx16 xtpr pdcm pcid sse4_1 sse4_2 x2apic popcnt tsc_deadline_timer xsave avx lahf_lm epb tpr_shadow vnmi flexpriority ept vpid xsaveopt dtherm arat pln pts
bugs		:
bogomips	: 4394.60
clflush size	: 64
cache_alignment	: 64
address sizes	: 36 bits physical, 48 bits virtual
power management:



Memory: 4k page, physical 8066028k(2963060k free), swap 4240380k(4240380k free)

vm_info: Java HotSpot(TM) 64-Bit Server VM (25.101-b13) for linux-amd64 JRE (1.8.0_101-b13), built on Jun 22 2016 02:59:44 by "java_re" with gcc 4.3.0 20080428 (Red Hat 4.3.0-8)

time: Wed Apr 19 21:46:03 2017
elapsed time: 63 seconds (0d 0h 1m 3s)

